

Started GET "/rails/info/properties" for 127.0.0.1 at 2011-05-18 22:29:29 -0400

RuntimeError (no driver for sqlite3 found):
  

Rendered C:/Ruby192/lib/ruby/gems/1.9.1/gems/actionpack-3.0.1/lib/action_dispatch/middleware/templates/rescues/_trace.erb (2.0ms)
Rendered C:/Ruby192/lib/ruby/gems/1.9.1/gems/actionpack-3.0.1/lib/action_dispatch/middleware/templates/rescues/_request_and_response.erb (44.0ms)
Rendered C:/Ruby192/lib/ruby/gems/1.9.1/gems/actionpack-3.0.1/lib/action_dispatch/middleware/templates/rescues/diagnostics.erb within rescues/layout (114.0ms)


Started GET "/rails/info/properties" for 127.0.0.1 at 2011-05-18 22:29:42 -0400

RuntimeError (no driver for sqlite3 found):
  

Rendered C:/Ruby192/lib/ruby/gems/1.9.1/gems/actionpack-3.0.1/lib/action_dispatch/middleware/templates/rescues/_trace.erb (2.0ms)
Rendered C:/Ruby192/lib/ruby/gems/1.9.1/gems/actionpack-3.0.1/lib/action_dispatch/middleware/templates/rescues/_request_and_response.erb (2.0ms)
Rendered C:/Ruby192/lib/ruby/gems/1.9.1/gems/actionpack-3.0.1/lib/action_dispatch/middleware/templates/rescues/diagnostics.erb within rescues/layout (22.0ms)


Started GET "/rails/info/properties" for 127.0.0.1 at 2011-05-18 22:29:45 -0400

RuntimeError (no driver for sqlite3 found):
  

Rendered C:/Ruby192/lib/ruby/gems/1.9.1/gems/actionpack-3.0.1/lib/action_dispatch/middleware/templates/rescues/_trace.erb (2.0ms)
Rendered C:/Ruby192/lib/ruby/gems/1.9.1/gems/actionpack-3.0.1/lib/action_dispatch/middleware/templates/rescues/_request_and_response.erb (2.0ms)
Rendered C:/Ruby192/lib/ruby/gems/1.9.1/gems/actionpack-3.0.1/lib/action_dispatch/middleware/templates/rescues/diagnostics.erb within rescues/layout (23.0ms)


Started GET "/rails/info/properties" for 127.0.0.1 at 2011-05-18 22:32:40 -0400

RuntimeError (no driver for sqlite3 found):
  

Rendered C:/Ruby192/lib/ruby/gems/1.9.1/gems/actionpack-3.0.1/lib/action_dispatch/middleware/templates/rescues/_trace.erb (2.0ms)
Rendered C:/Ruby192/lib/ruby/gems/1.9.1/gems/actionpack-3.0.1/lib/action_dispatch/middleware/templates/rescues/_request_and_response.erb (2.0ms)
Rendered C:/Ruby192/lib/ruby/gems/1.9.1/gems/actionpack-3.0.1/lib/action_dispatch/middleware/templates/rescues/diagnostics.erb within rescues/layout (22.0ms)


Started GET "/rails/info/properties" for 127.0.0.1 at 2011-05-18 22:39:46 -0400

RuntimeError (no driver for sqlite3 found):
  

Rendered C:/Ruby192/lib/ruby/gems/1.9.1/gems/actionpack-3.0.1/lib/action_dispatch/middleware/templates/rescues/_trace.erb (2.0ms)
Rendered C:/Ruby192/lib/ruby/gems/1.9.1/gems/actionpack-3.0.1/lib/action_dispatch/middleware/templates/rescues/_request_and_response.erb (30.0ms)
Rendered C:/Ruby192/lib/ruby/gems/1.9.1/gems/actionpack-3.0.1/lib/action_dispatch/middleware/templates/rescues/diagnostics.erb within rescues/layout (51.0ms)


Started GET "/rails/info/properties" for 127.0.0.1 at 2011-05-18 22:39:56 -0400

RuntimeError (no driver for sqlite3 found):
  

Rendered C:/Ruby192/lib/ruby/gems/1.9.1/gems/actionpack-3.0.1/lib/action_dispatch/middleware/templates/rescues/_trace.erb (2.0ms)
Rendered C:/Ruby192/lib/ruby/gems/1.9.1/gems/actionpack-3.0.1/lib/action_dispatch/middleware/templates/rescues/_request_and_response.erb (2.0ms)
Rendered C:/Ruby192/lib/ruby/gems/1.9.1/gems/actionpack-3.0.1/lib/action_dispatch/middleware/templates/rescues/diagnostics.erb within rescues/layout (22.0ms)


Started GET "/rails/info/properties" for 127.0.0.1 at 2011-05-18 22:40:05 -0400

RuntimeError (no driver for sqlite3 found):
  

Rendered C:/Ruby192/lib/ruby/gems/1.9.1/gems/actionpack-3.0.1/lib/action_dispatch/middleware/templates/rescues/_trace.erb (2.0ms)
Rendered C:/Ruby192/lib/ruby/gems/1.9.1/gems/actionpack-3.0.1/lib/action_dispatch/middleware/templates/rescues/_request_and_response.erb (3.0ms)
Rendered C:/Ruby192/lib/ruby/gems/1.9.1/gems/actionpack-3.0.1/lib/action_dispatch/middleware/templates/rescues/diagnostics.erb within rescues/layout (32.0ms)


Started GET "/rails/info/properties" for 127.0.0.1 at 2011-05-18 22:52:44 -0400

RuntimeError (no driver for sqlite3 found):
  

Rendered C:/Ruby192/lib/ruby/gems/1.9.1/gems/actionpack-3.0.1/lib/action_dispatch/middleware/templates/rescues/_trace.erb (2.0ms)
Rendered C:/Ruby192/lib/ruby/gems/1.9.1/gems/actionpack-3.0.1/lib/action_dispatch/middleware/templates/rescues/_request_and_response.erb (43.0ms)
Rendered C:/Ruby192/lib/ruby/gems/1.9.1/gems/actionpack-3.0.1/lib/action_dispatch/middleware/templates/rescues/diagnostics.erb within rescues/layout (73.0ms)


Started GET "/rails/info/properties" for 127.0.0.1 at 2011-05-18 22:57:47 -0400
  Processing by Rails::InfoController#properties as */*
  [1m[36mSQL (1.0ms)[0m  [1m SELECT name
 FROM sqlite_master
 WHERE type = 'table' AND NOT name = 'sqlite_sequence'
[0m
Rendered inline template (1.0ms)
Completed 200 OK in 206ms (Views: 2.0ms | ActiveRecord: 1.0ms)


Started GET "/rails/info/properties" for 127.0.0.1 at 2011-05-19 01:13:07 -0400
  Processing by Rails::InfoController#properties as */*
  [1m[36mSQL (64.0ms)[0m  [1m SELECT name
 FROM sqlite_master
 WHERE type = 'table' AND NOT name = 'sqlite_sequence'
[0m
Rendered inline template (0.0ms)
Completed 200 OK in 294ms (Views: 2.0ms | ActiveRecord: 64.0ms)


Started GET "/rails/info/properties" for 127.0.0.1 at 2011-05-19 22:37:14 -0400
  Processing by Rails::InfoController#properties as */*
  [1m[36mSQL (63.0ms)[0m  [1m SELECT name
 FROM sqlite_master
 WHERE type = 'table' AND NOT name = 'sqlite_sequence'
[0m
Rendered inline template (1.0ms)
Completed 200 OK in 294ms (Views: 2.0ms | ActiveRecord: 63.0ms)


Started GET "/rails/info/properties" for 127.0.0.1 at 2011-05-24 00:50:23 -0400
  Processing by Rails::InfoController#properties as */*
  [1m[36mSQL (13.0ms)[0m  [1m SELECT name
 FROM sqlite_master
 WHERE type = 'table' AND NOT name = 'sqlite_sequence'
[0m
Rendered inline template (1.0ms)
Completed 200 OK in 243ms (Views: 2.0ms | ActiveRecord: 13.0ms)
